Parsed: https://raw.githubusercontent.com/sindresorhus/awesome-nodejs/master/readme.md
Parsed: https://raw.githubusercontent.com/dypsilon/frontend-dev-bookmarks/master/README.md
Parsed: https://raw.githubusercontent.com/vsouza/awesome-ios/master/README.md
Parsed: https://raw.githubusercontent.com/JStumpp/awesome-android/master/readme.md
Parsed: https://raw.githubusercontent.com/weblancaster/awesome-IoT-hybrid/master/README.md
Parsed: https://raw.githubusercontent.com/sindresorhus/awesome-electron/master/readme.md
Parsed: https://raw.githubusercontent.com/busterc/awesome-cordova/master/README.md
Parsed: https://raw.githubusercontent.com/jondot/awesome-react-native/master/README.md
Parsed: https://raw.githubusercontent.com/benoitjadinon/awesome-xamarin/master/README.md
Parsed: https://raw.githubusercontent.com/aleksandar-todorovic/awesome-linux/master/README.md
Parsed: https://raw.githubusercontent.com/Friz-zy/awesome-linux-containers/master/README.md
Parsed: https://raw.githubusercontent.com/iCHAIT/awesome-osx/master/README.md
Parsed: https://raw.githubusercontent.com/herrbischoff/awesome-osx-command-line/master/README.md
Parsed: https://raw.githubusercontent.com/aharris88/awesome-osx-screensavers/master/README.md
Parsed: https://raw.githubusercontent.com/yenchenlin1994/awesome-watchos/master/README.md
Parsed: https://raw.githubusercontent.com/deephacks/awesome-jvm/master/readme.md
Parsed: https://raw.githubusercontent.com/mailtoharshit/awesome-salesforce/master/README.md
Parsed: https://raw.githubusercontent.com/donnemartin/awesome-aws/master/README.md
Parsed: https://raw.githubusercontent.com/Awesome-Windows/Awesome/master/README.md
Parsed: https://raw.githubusercontent.com/ipfs/awesome-ipfs/master/README.md
Parsed: https://raw.githubusercontent.com/vinkla/awesome-fuse/master/README.md
Failed: https://raw.githubusercontent.com/ianstormtaylor/awesome-heroku/master/readme.md
Parsed: https://raw.githubusercontent.com/sorrycc/awesome-javascript/master/README.md
Parsed: https://raw.githubusercontent.com/wbinnssmith/awesome-promises/master/README.md
Parsed: https://raw.githubusercontent.com/feross/awesome-standard/master/README.md
Parsed: https://raw.githubusercontent.com/bolshchikov/js-must-watch/master/readme.md
Parsed: https://raw.githubusercontent.com/loverajoel/jstips/master/README.md
Parsed: https://raw.githubusercontent.com/Kikobeats/awesome-network-js/master/README.md
Parsed: https://raw.githubusercontent.com/parro-it/awesome-micro-npm-packages/master/readme.md
Parsed: https://raw.githubusercontent.com/feross/awesome-mad-science/master/README.md
Parsed: https://raw.githubusercontent.com/maxogden/maintenance-modules/master/readme.md
Parsed: https://raw.githubusercontent.com/sindresorhus/awesome-npm/master/readme.md
Parsed: https://raw.githubusercontent.com/sindresorhus/awesome-ava/master/readme.md
Parsed: https://raw.githubusercontent.com/dustinspecker/awesome-eslint/master/readme.md
Parsed: https://raw.githubusercontent.com/stoeffel/awesome-fp-js/master/README.md
Parsed: https://raw.githubusercontent.com/sindresorhus/awesome-observables/master/readme.md
Parsed: https://raw.githubusercontent.com/matteocrippa/awesome-swift/master/README.md
Parsed: https://raw.githubusercontent.com/hsavit1/Awesome-Swift-Education/master/README.md
Parsed: https://raw.githubusercontent.com/uraimo/Awesome-Swift-Playgrounds/master/README.md
Parsed: https://raw.githubusercontent.com/vinta/awesome-python/master/README.md
Parsed: https://raw.githubusercontent.com/kud1ing/awesome-rust/master/README.md
Parsed: https://raw.githubusercontent.com/krispo/awesome-haskell/master/README.md
Parsed: https://raw.githubusercontent.com/passy/awesome-purescript/master/readme.md
Parsed: https://raw.githubusercontent.com/avelino/awesome-go/master/README.md
Parsed: https://raw.githubusercontent.com/lauris/awesome-scala/master/README.md
Parsed: https://raw.githubusercontent.com/markets/awesome-ruby/master/README.md
Parsed: https://raw.githubusercontent.com/planetruby/awesome-events/master/README.md
Parsed: https://raw.githubusercontent.com/razum2um/awesome-clojure/master/README.md
Parsed: https://raw.githubusercontent.com/emrehan/awesome-clojurescript/master/README.md
Parsed: https://raw.githubusercontent.com/h4cc/awesome-elixir/master/README.md
Parsed: https://raw.githubusercontent.com/isRuslan/awesome-elm/master/README.md
Parsed: https://raw.githubusercontent.com/drobakowski/awesome-erlang/master/README.md
Parsed: https://raw.githubusercontent.com/svaksha/Julia.jl/master/README.md
Parsed: https://raw.githubusercontent.com/LewisJEllis/awesome-lua/master/readme.md
Parsed: https://raw.githubusercontent.com/aleksandar-todorovic/awesome-c/master/README.md
Parsed: https://raw.githubusercontent.com/fffaraz/awesome-cpp/master/README.md
Parsed: https://raw.githubusercontent.com/qinwf/awesome-R/master/README.md
Parsed: https://raw.githubusercontent.com/zhaopuming/awesome-d/master/README.md
Parsed: https://raw.githubusercontent.com/CodyReichert/awesome-cl/master/README.md
Parsed: https://raw.githubusercontent.com/hachiojipm/awesome-perl/master/README.md
Parsed: https://raw.githubusercontent.com/kdabir/awesome-groovy/master/README.md
Parsed: https://raw.githubusercontent.com/yissachar/awesome-dart/master/README.md
Parsed: https://raw.githubusercontent.com/akullpp/awesome-java/master/README.md
Parsed: https://raw.githubusercontent.com/eleventigers/awesome-rxjava/master/README.md
Failed: https://raw.githubusercontent.com/JavaBy/awesome-kotlin/master/readme.md
Parsed: https://raw.githubusercontent.com/rizo/awesome-ocaml/master/README.md
Parsed: https://raw.githubusercontent.com/seancoyne/awesome-coldfusion/master/README.md
Parsed: https://raw.githubusercontent.com/rabbiabram/awesome-fortran/master/README.md
Parsed: https://raw.githubusercontent.com/quozd/awesome-dotnet/master/README.md
Parsed: https://raw.githubusercontent.com/ziadoz/awesome-php/master/README.md
Parsed: https://raw.githubusercontent.com/jakoch/awesome-composer/master/README.md
Parsed: https://raw.githubusercontent.com/Fr0sT-Brutal/awesome-delphi/master/README.md
Parsed: https://raw.githubusercontent.com/mat0thew/awesome-asm/master/README.md
Parsed: https://raw.githubusercontent.com/ahkscript/awesome-AutoHotkey/master/README.md
Parsed: https://raw.githubusercontent.com/J2TeaM/awesome-AutoIt/master/README.md
Parsed: https://raw.githubusercontent.com/veelenga/awesome-crystal/master/README.md
Parsed: https://raw.githubusercontent.com/dzharii/awesome-typescript/master/README.md
Parsed: https://raw.githubusercontent.com/addyosmani/es6-tools/master/README.md
Parsed: https://raw.githubusercontent.com/davidsonfellipe/awesome-wpo/master/README.md
Parsed: https://raw.githubusercontent.com/lvwzhen/tools/master/README.md
Parsed: https://raw.githubusercontent.com/sotayamashita/awesome-css/master/README.md
Parsed: https://raw.githubusercontent.com/addyosmani/critical-path-css-tools/master/README.md
Parsed: https://raw.githubusercontent.com/davidtheclark/scalable-css-reading-list/master/README.md
Parsed: https://raw.githubusercontent.com/AllThingsSmitty/must-watch-css/master/README.md
Parsed: https://raw.githubusercontent.com/AllThingsSmitty/css-protips/master/README.md
Parsed: https://raw.githubusercontent.com/enaqx/awesome-react/master/README.md
Parsed: https://raw.githubusercontent.com/expede/awesome-relay/master/README.md
Parsed: https://raw.githubusercontent.com/mateusortiz/webcomponents-the-right-way/master/README.md
Parsed: https://raw.githubusercontent.com/Granze/awesome-polymer/master/README.md
Parsed: https://raw.githubusercontent.com/AngularClass/awesome-angular2/master/README.md
Parsed: https://raw.githubusercontent.com/gianarb/awesome-angularjs/master/README.md
Parsed: https://raw.githubusercontent.com/sadcitizen/awesome-backbone/master/README.md
Parsed: https://raw.githubusercontent.com/diegocard/awesome-html5/master/README.md
Failed: https://raw.githubusercontent.com/willianjusten/awesome-svg/master/readme.md
Parsed: https://raw.githubusercontent.com/raphamorim/awesome-canvas/master/README.md
Parsed: https://raw.githubusercontent.com/dnbard/awesome-knockout/master/readme.md
Parsed: https://raw.githubusercontent.com/peterkokot/awesome-dojo/master/README.md
Parsed: https://raw.githubusercontent.com/NoahBuscher/Inspire/master/README.md
Parsed: https://raw.githubusercontent.com/nmec/awesome-ember/master/readme.md
Parsed: https://raw.githubusercontent.com/wasabeef/awesome-android-ui/master/README.md
Parsed: https://raw.githubusercontent.com/cjwirth/awesome-ios-ui/master/README.md
Parsed: https://raw.githubusercontent.com/Urigo/awesome-meteor/master/README.md
Parsed: https://raw.githubusercontent.com/sturobson/BEM-resources/master/README.md
Parsed: https://raw.githubusercontent.com/afonsopacifer/awesome-flexbox/master/README.md
Parsed: https://raw.githubusercontent.com/deanhume/typography/master/README.md
Parsed: https://raw.githubusercontent.com/brunopulis/awesome-a11y/master/README.md
Parsed: https://raw.githubusercontent.com/sachin1092/awesome-material/master/README.md
Parsed: https://raw.githubusercontent.com/wbkd/awesome-d3/master/README.md
Parsed: https://raw.githubusercontent.com/jonathandion/awesome-emails/master/README.md
Parsed: https://raw.githubusercontent.com/peterkokot/awesome-jquery/master/README.md
Parsed: https://raw.githubusercontent.com/AllThingsSmitty/jquery-tips-everyone-should-know/master/README.md
Parsed: https://raw.githubusercontent.com/notthetup/awesome-webaudio/master/readme.md
Parsed: https://raw.githubusercontent.com/pazguille/offline-first/master/README.md
Parsed: https://raw.githubusercontent.com/aharris88/awesome-static-website-services/master/README.md
Parsed: https://raw.githubusercontent.com/aframevr/awesome-aframe/master/README.md
Parsed: https://raw.githubusercontent.com/vic/awesome-cyclejs/master/README.md
Parsed: https://raw.githubusercontent.com/dok/awesome-text-editing/master/README.md
Parsed: https://raw.githubusercontent.com/fliptheweb/motion-ui-design/master/README.md
Parsed: https://raw.githubusercontent.com/vuejs/awesome-vue/master/README.md
Parsed: https://raw.githubusercontent.com/sadcitizen/awesome-marionette/master/README.md
Parsed: https://raw.githubusercontent.com/behzad888/awesome-aurelia/master/README.md
Parsed: https://raw.githubusercontent.com/zingchart/awesome-charting/master/README.md
Parsed: https://raw.githubusercontent.com/candelibas/awesome-ionic2/master/README.md
Parsed: https://raw.githubusercontent.com/ChromeDevTools/awesome-chrome-devtools/master/readme.md
Failed: https://raw.githubusercontent.com/jjaderg/awesome-postcss/master/readme.md
Parsed: https://raw.githubusercontent.com/nikgraf/awesome-draft-js/master/README.md
Parsed: https://raw.githubusercontent.com/rosarior/awesome-django/master/README.md
Parsed: https://raw.githubusercontent.com/humiaozuzu/awesome-flask/master/README.md
Parsed: https://raw.githubusercontent.com/veggiemonk/awesome-docker/master/README.md
Parsed: https://raw.githubusercontent.com/iJackUA/awesome-vagrant/master/README.md
Parsed: https://raw.githubusercontent.com/uralbash/awesome-pyramid/master/README.md
Parsed: https://raw.githubusercontent.com/PerfectCarl/awesome-play1/master/README.md
Parsed: https://raw.githubusercontent.com/friendsofcake/awesome-cakephp/master/README.md
Parsed: https://raw.githubusercontent.com/sitepoint/awesome-symfony/master/README.md
Parsed: https://raw.githubusercontent.com/Symfonisti/awesome-symfony-education/master/README.md
Parsed: https://raw.githubusercontent.com/chiraggude/awesome-laravel/master/README.md
Failed: https://raw.githubusercontent.com/fukuball/Awesome-Laravel-Education/blob/master/langs/en_US.md/master/readme.md
Parsed: https://raw.githubusercontent.com/ekremkaraca/awesome-rails/master/README.md
Parsed: https://raw.githubusercontent.com/hothero/awesome-rails-gem/master/README.md
Parsed: https://raw.githubusercontent.com/sergeyklay/awesome-phalcon/master/README.md
Parsed: https://raw.githubusercontent.com/phanan/htaccess/master/README.md
Parsed: https://raw.githubusercontent.com/fcambus/nginx-resources/master/README.md
Parsed: https://raw.githubusercontent.com/stve/awesome-dropwizard/master/README.md
Parsed: https://raw.githubusercontent.com/ramitsurana/awesome-kubernetes/master/README.md
Parsed: https://raw.githubusercontent.com/unicodeveloper/awesome-lumen/master/README.md
Parsed: https://raw.githubusercontent.com/JustServerless/awesome-serverless/master/README.md
Parsed: https://raw.githubusercontent.com/PhantomYdn/awesome-wicket/master/README.md
Parsed: https://raw.githubusercontent.com/prakhar1989/awesome-courses/master/README.md
Parsed: https://raw.githubusercontent.com/okulbilisim/awesome-datascience/master/README.md
Parsed: https://raw.githubusercontent.com/josephmisiti/awesome-machine-learning/master/README.md
Parsed: https://raw.githubusercontent.com/ujjwalkarn/Machine-Learning-Tutorials/master/README.md
Failed: https://raw.githubusercontent.com/edobashira/speech-language-processing/master/readme.md
Parsed: https://raw.githubusercontent.com/dav009/awesome-spanish-nlp/master/README.md
Parsed: https://raw.githubusercontent.com/theimpossibleastronaut/awesome-linguistics/master/README.md
Failed: https://raw.githubusercontent.com/MaciejCzyzewski/retter/master/readme.md
Parsed: https://raw.githubusercontent.com/jbhuang0604/awesome-computer-vision/master/README.md
Parsed: https://raw.githubusercontent.com/ChristosChristofidis/awesome-deep-learning/master/README.md
Parsed: https://raw.githubusercontent.com/jtoy/awesome-tensorflow/master/README.md
Parsed: https://raw.githubusercontent.com/kjw0612/awesome-deep-vision/master/README.md
Parsed: https://raw.githubusercontent.com/open-source-society/computer-science/master/README.md
Parsed: https://raw.githubusercontent.com/lucasviola/awesome-functional-programming/master/readme.md
Parsed: https://raw.githubusercontent.com/mre/awesome-static-analysis/master/README.md
Parsed: https://raw.githubusercontent.com/sdnds-tw/awesome-sdn/master/README.md
Parsed: https://raw.githubusercontent.com/onurakpolat/awesome-bigdata/master/README.md
Failed: https://raw.githubusercontent.com/caesar0301/awesome-public-datasets/master/readme.md
Parsed: https://raw.githubusercontent.com/youngwookim/awesome-hadoop/master/README.md
Parsed: https://raw.githubusercontent.com/igorbarinov/awesome-data-engineering/master/README.md
Parsed: https://raw.githubusercontent.com/manuzhang/awesome-streaming/master/README.md
Parsed: https://raw.githubusercontent.com/papers-we-love/papers-we-love/master/README.md
Parsed: https://raw.githubusercontent.com/JanVanRyswyck/awesome-talks/master/README.md
Parsed: https://raw.githubusercontent.com/tayllan/awesome-algorithms/master/README.md
Parsed: https://raw.githubusercontent.com/enjalot/algovis/master/README.md
Parsed: https://raw.githubusercontent.com/owainlewis/awesome-artificial-intelligence/master/README.md
Failed: https://raw.githubusercontent.com/marcobiedermann/search-engine-optimization/master/readme.md
Parsed: https://raw.githubusercontent.com/lnishan/awesome-competitive-programming/master/README.md
Parsed: https://raw.githubusercontent.com/rossant/awesome-math/master/README.md
Parsed: https://raw.githubusercontent.com/vhf/free-programming-books/master/README.md
Failed: https://raw.githubusercontent.com/ligurio/free-software-testing-books/blob/master/free-software-testing-books.md/master/readme.md
Parsed: https://raw.githubusercontent.com/dariubs/GoBooks/master/README.md
Parsed: https://raw.githubusercontent.com/RomanTsegelskyi/rbooks/master/README.md
Parsed: https://raw.githubusercontent.com/hackerkid/Mind-Expanding-Books/master/README.md
Parsed: https://raw.githubusercontent.com/TalAter/awesome-book-authoring/master/README.md
Parsed: https://raw.githubusercontent.com/dreikanter/sublime-bookmarks/master/README.md
Parsed: https://raw.githubusercontent.com/mhinz/vim-galore/master/README.md
Failed: https://raw.githubusercontent.com/emacs-tw/awesome-emacs/master/readme.md
Parsed: https://raw.githubusercontent.com/mehcode/awesome-atom/master/README.md
Parsed: https://raw.githubusercontent.com/viatsko/awesome-vscode/master/README.md
Parsed: https://raw.githubusercontent.com/ellisonleao/magictools/master/README.md
Parsed: https://raw.githubusercontent.com/hzoo/awesome-gametalks/master/README.md
Parsed: https://raw.githubusercontent.com/Calinou/awesome-godot/master/README.md
Parsed: https://raw.githubusercontent.com/leereilly/games/master/README.md
Parsed: https://raw.githubusercontent.com/RyanNielson/awesome-unity/master/README.md
Parsed: https://raw.githubusercontent.com/hkirat/awesome-chess/master/README.md
Parsed: https://raw.githubusercontent.com/JanWerder/awesome-love2d/master/README.md
Parsed: https://raw.githubusercontent.com/felipebueno/awesome-PICO-8/master/README.md
Parsed: https://raw.githubusercontent.com/sindresorhus/quick-look-plugins/master/readme.md
Parsed: https://raw.githubusercontent.com/jondot/awesome-devenv/master/README.md
Parsed: https://raw.githubusercontent.com/webpro/awesome-dotfiles/master/README.md
Parsed: https://raw.githubusercontent.com/alebcay/awesome-shell/master/README.md
Parsed: https://raw.githubusercontent.com/fisherman/awesome-fish/master/README.md
Parsed: https://raw.githubusercontent.com/aharris88/awesome-cli-apps/master/README.md
Parsed: https://raw.githubusercontent.com/unixorn/awesome-zsh-plugins/master/README.md
Failed: https://raw.githubusercontent.com/phillipadsmith/awesome-raw.githubusercontent/master/readme.md
Failed: https://raw.githubusercontent.com/stefanbuck/awesome-browser-extensions-for-raw.githubusercontent/master/readme.md
Failed: https://raw.githubusercontent.com/tiimgreen/raw.githubusercontent-cheat-sheet/master/readme.md
Parsed: https://raw.githubusercontent.com/arslanbilal/git-cheat-sheet/master/README.md
Parsed: https://raw.githubusercontent.com/git-tips/tips/master/README.md
Parsed: https://raw.githubusercontent.com/stevemao/awesome-git-addons/master/README.md
Parsed: https://raw.githubusercontent.com/moul/awesome-ssh/master/README.md
Parsed: https://raw.githubusercontent.com/httpsGithubParty/FOSS-for-Dev/master/README.md
Parsed: https://raw.githubusercontent.com/sindresorhus/awesome-scifi/master/readme.md
Parsed: https://raw.githubusercontent.com/RichardLitt/awesome-fantasy/master/README.md
Parsed: https://raw.githubusercontent.com/guipdutra/awesome-geek-podcasts/master/README.md
Parsed: https://raw.githubusercontent.com/vredniy/awesome-newsletters/master/README.md
Parsed: https://raw.githubusercontent.com/numetriclabz/awesome-db/master/README.md
Failed: https://raw.githubusercontent.com/shlomi-noach/awesome-mysql/blob/gh-pages/index.md/master/readme.md
Failed: https://raw.githubusercontent.com/dahlia/awesome-sqlalchemy/master/readme.md
Parsed: https://raw.githubusercontent.com/mark-rushakoff/awesome-influxdb/master/README.md
Parsed: https://raw.githubusercontent.com/Neueda4j/awesome-neo4j/master/README.md
Parsed: https://raw.githubusercontent.com/TomasVotruba/awesome-doctrine/master/README.md
Parsed: https://raw.githubusercontent.com/ramnes/awesome-mongodb/master/README.md
Parsed: https://raw.githubusercontent.com/d3viant0ne/awesome-rethinkdb/master/README.md
Parsed: https://raw.githubusercontent.com/mohataher/awesome-tinkerpop/master/README.md
Parsed: https://raw.githubusercontent.com/shime/creative-commons-media/master/README.md
Parsed: https://raw.githubusercontent.com/brabadu/awesome-fonts/master/README.md
Parsed: https://raw.githubusercontent.com/chrissimpkins/codeface/master/README.md
Parsed: https://raw.githubusercontent.com/neutraltone/awesome-stock-resources/master/README.md
Parsed: https://raw.githubusercontent.com/ibaaj/awesome-gif/master/README.md
Parsed: https://raw.githubusercontent.com/ciconia/awesome-music/master/README.md
Parsed: https://raw.githubusercontent.com/nacyot/awesome-opensource-documents/master/README.md
Failed: https://raw.githubusercontent.com/willianjusten/awesome-audio-visualization/master/readme.md
Parsed: https://raw.githubusercontent.com/ebu/awesome-broadcasting/master/README.md
Parsed: https://raw.githubusercontent.com/therebelrobot/awesome-workshopper/master/README.md
Parsed: https://raw.githubusercontent.com/karlhorky/learn-to-program/master/README.md
Parsed: https://raw.githubusercontent.com/matteofigus/awesome-speaking/master/README.md
Parsed: https://raw.githubusercontent.com/lucasviola/awesome-tech-videos/master/readme.md
Parsed: https://raw.githubusercontent.com/hangtwenty/dive-into-machine-learning/master/README.md
Parsed: https://raw.githubusercontent.com/watson/awesome-computer-history/master/README.md
Parsed: https://raw.githubusercontent.com/paragonie/awesome-appsec/master/README.md
Parsed: https://raw.githubusercontent.com/sbilly/awesome-security/master/README.md
Parsed: https://raw.githubusercontent.com/apsdehal/awesome-ctf/master/README.md
Parsed: https://raw.githubusercontent.com/rshipp/awesome-malware-analysis/master/README.md
Parsed: https://raw.githubusercontent.com/ashishb/android-security-awesome/master/README.md
Parsed: https://raw.githubusercontent.com/carpedm20/awesome-hacking/master/README.md
Parsed: https://raw.githubusercontent.com/paralax/awesome-honeypots/master/README.md
Parsed: https://raw.githubusercontent.com/meirwah/awesome-incident-response/master/README.md
Parsed: https://raw.githubusercontent.com/leekelleher/awesome-umbraco/master/README.md
Parsed: https://raw.githubusercontent.com/refinerycms-contrib/awesome-refinerycms/master/README.md
Parsed: https://raw.githubusercontent.com/burningtree/awesome-json/master/README.md
Parsed: https://raw.githubusercontent.com/tmcw/awesome-geojson/master/README.md
Parsed: https://raw.githubusercontent.com/jdorfman/awesome-json-datasets/master/README.md
Parsed: https://raw.githubusercontent.com/najela/discount-for-student-dev/master/README.md
Parsed: https://raw.githubusercontent.com/matiassingers/awesome-slack/master/README.md
Parsed: https://raw.githubusercontent.com/filipelinhares/awesome-slack/master/README.md
Parsed: https://raw.githubusercontent.com/RichardLitt/awesome-conferences/master/README.md
Parsed: https://raw.githubusercontent.com/n1trux/awesome-sysadmin/master/README.md
Parsed: https://raw.githubusercontent.com/kyleterry/awesome-radio/master/README.md
Parsed: https://raw.githubusercontent.com/sindresorhus/awesome/master/readme.md
Parsed: https://raw.githubusercontent.com/onurakpolat/awesome-analytics/master/README.md
Parsed: https://raw.githubusercontent.com/opencompany/awesome-open-company/master/README.md
Parsed: https://raw.githubusercontent.com/marmelab/awesome-rest/master/README.md
Parsed: https://raw.githubusercontent.com/christian-bromann/awesome-selenium/master/README.md
Parsed: https://raw.githubusercontent.com/RichardLitt/endangered-languages/master/README.md
Parsed: https://raw.githubusercontent.com/ciandcd/awesome-ciandcd/master/README.md
Parsed: https://raw.githubusercontent.com/mmcgrana/services-engineering/master/README.md
Parsed: https://raw.githubusercontent.com/ripienaar/free-for-dev/master/README.md
Parsed: https://raw.githubusercontent.com/igorbarinov/awesome-bitcoin/master/README.md
Parsed: https://raw.githubusercontent.com/jugoncalves/awesome-answers/master/readme.md
Parsed: https://raw.githubusercontent.com/diessica/awesome-sketch/master/README.md
Parsed: https://raw.githubusercontent.com/mmccaff/PlacesToPostYourStartup/master/README.md
Parsed: https://raw.githubusercontent.com/caesar0301/awesome-pcaptools/master/README.md
Parsed: https://raw.githubusercontent.com/lukasz-madon/awesome-remote-job/master/README.md
Parsed: https://raw.githubusercontent.com/melvin0008/awesome-projects-boilerplates/master/README.md
Parsed: https://raw.githubusercontent.com/matiassingers/awesome-readme/master/readme.md
Parsed: https://raw.githubusercontent.com/cjbarber/ToolsOfTheTrade/master/README.md
Parsed: https://raw.githubusercontent.com/RichardLitt/awesome-styleguides/master/readme.md
Parsed: https://raw.githubusercontent.com/NARKOZ/guides/master/README.md
Parsed: https://raw.githubusercontent.com/kilimchoi/engineering-blogs/master/README.md
Parsed: https://raw.githubusercontent.com/Kickball/awesome-selfhosted/master/README.md
Parsed: https://raw.githubusercontent.com/jwaterfaucett/awesome-foss-apps/master/README.md
Parsed: https://raw.githubusercontent.com/alferov/awesome-gulp/master/readme.md
Parsed: https://raw.githubusercontent.com/sindresorhus/amas/master/readme.md
Parsed: https://raw.githubusercontent.com/stoeffel/awesome-ama-answers/master/README.md
Parsed: https://raw.githubusercontent.com/ibaaj/awesome-OpenSourcePhotography/master/README.md
Parsed: https://raw.githubusercontent.com/eug/awesome-opengl/master/README.md
Parsed: https://raw.githubusercontent.com/jyguyomarch/awesome-productivity/master/README.md
Parsed: https://raw.githubusercontent.com/chentsulin/awesome-graphql/master/README.md
Parsed: https://raw.githubusercontent.com/luqmaan/awesome-transit/master/README.md
Parsed: https://raw.githubusercontent.com/emptymalei/awesome-research/master/README.md
Parsed: https://raw.githubusercontent.com/wfhio/awesome-job-boards/master/README.md
Parsed: https://raw.githubusercontent.com/fasouto/awesome-dataviz/master/README.md
Parsed: https://raw.githubusercontent.com/vinkla/share-links/master/README.md
Parsed: https://raw.githubusercontent.com/mfornos/awesome-microservices/master/README.md
Parsed: https://raw.githubusercontent.com/Codepoints/awesome-codepoints/master/README.md
Parsed: https://raw.githubusercontent.com/HQarroum/awesome-iot/master/README.md
Parsed: https://raw.githubusercontent.com/MunGell/awesome-for-beginners/master/README.md
Parsed: https://raw.githubusercontent.com/beaconinside/awesome-beacon/master/README.md
Parsed: https://raw.githubusercontent.com/MaximAbramchuck/awesome-interviews/master/README.md
Parsed: https://raw.githubusercontent.com/vhpoet/awesome-ripple/master/README.md
Parsed: https://raw.githubusercontent.com/gmontalvoriv/awesome-katas/master/README.md
Parsed: https://raw.githubusercontent.com/drewrwilson/toolsforactivism/master/README.md
Parsed: https://raw.githubusercontent.com/sindresorhus/awesome-tap/master/readme.md
Parsed: https://raw.githubusercontent.com/Kiloreux/awesome-robotics/master/README.md
Parsed: https://raw.githubusercontent.com/hobbyquaker/awesome-mqtt/master/README.md
Parsed: https://raw.githubusercontent.com/diasdavid/awesome-hacking-spots/master/README.md
Parsed: https://raw.githubusercontent.com/cristianoliveira/awesome4girls/master/README.md
Parsed: https://raw.githubusercontent.com/vorpaljs/awesome-vorpal/master/README.md
Parsed: https://raw.githubusercontent.com/domenicosolazzo/awesome-okr/master/README.md
Parsed: https://raw.githubusercontent.com/vinjn/awesome-vulkan/master/README.md
Parsed: https://raw.githubusercontent.com/egeerardyn/awesome-LaTeX/master/README.md
Parsed: https://raw.githubusercontent.com/briatte/awesome-network-analysis/master/README.md
Failed: https://raw.githubusercontent.com/antontarasenko/awesome-economics/master/readme.md
Parsed: https://raw.githubusercontent.com/gitfrage/guitarspecs/master/README.md
Parsed: https://raw.githubusercontent.com/sublimino/awesome-funny-markov/master/README.md
Parsed: https://raw.githubusercontent.com/danielecook/Awesome-Bioinformatics/master/README.md
Parsed: https://raw.githubusercontent.com/Siddharth11/Colorful/master/readme.md
Parsed: https://raw.githubusercontent.com/scholtzm/awesome-steam/master/README.md
Parsed: https://raw.githubusercontent.com/hackerkid/bots/master/README.md
